<?xml version="1.0" encoding="UTF-8"?>
<!-- Generated by org.testng.reporters.JUnitReportReporter -->
<testsuite hostname="LAPTOP-SF32JU0L" failures="0" tests="4" name="com.selenium.practice.CheckBoxRadioTest" time="7.227" errors="0" timestamp="2022-05-29T00:04:47 IST" skipped="0">
  <testcase classname="com.selenium.practice.CheckBoxRadioTest" name="Test004_JavaScriptAlert" time="4.927"/>
  <system-out/>
  <testcase classname="com.selenium.practice.CheckBoxRadioTest" name="Test003_BootPopUp" time="0.749"/>
  <system-out/>
  <testcase classname="com.selenium.practice.CheckBoxRadioTest" name="Test001_clickonRadioAndCheckBox" time="1.012"/>
  <system-out/>
  <testcase classname="com.selenium.practice.CheckBoxRadioTest" name="Test002_DropDown_Ajax_Jquery" time="0.539"/>
  <system-out/>
</testsuite> <!-- com.selenium.practice.CheckBoxRadioTest -->
