<?xml version="1.0" encoding="UTF-8"?>
<!-- Generated by org.testng.reporters.JUnitReportReporter -->
<testsuite hostname="LAPTOP-SF32JU0L" failures="0" tests="3" name="com.selenium.practice.BasicTest" time="1.963" errors="0" timestamp="2022-05-28T21:01:37 IST" skipped="0">
  <testcase classname="com.selenium.practice.BasicTest" name="Test01_clickOnBasicForm" time="0.099"/>
  <system-out/>
  <testcase classname="com.selenium.practice.BasicTest" name="Test002_VerifyTwoInputField" time="0.367"/>
  <system-out/>
  <testcase classname="com.selenium.practice.BasicTest" name="Test002_VerifySingleInputField" time="1.497"/>
  <system-out/>
</testsuite> <!-- com.selenium.practice.BasicTest -->
